2019-07-11 13:52:54,176 - Log4JLogChute initialized using file 'velocity.log'
2019-07-11 13:52:54,177 - Initializing Velocity, Calling init()...
2019-07-11 13:52:54,178 - Starting Apache Velocity v1.7 (compiled: 2010-11-19 12:14:37)
2019-07-11 13:52:54,178 - Default Properties File: org\apache\velocity\runtime\defaults\velocity.properties
2019-07-11 13:52:54,178 - Trying to use logger class org.apache.velocity.runtime.log.AvalonLogChute
2019-07-11 13:52:54,179 - Target log system for org.apache.velocity.runtime.log.AvalonLogChute is not available (java.lang.NoClassDefFoundError: org/apache/log/format/Formatter).  Falling back to next log system...
2019-07-11 13:52:54,179 - Trying to use logger class org.apache.velocity.runtime.log.Log4JLogChute
2019-07-11 13:52:54,180 - Using logger class org.apache.velocity.runtime.log.Log4JLogChute
2019-07-11 13:52:54,189 - ResourceLoader instantiated: org.apache.velocity.runtime.resource.loader.ClasspathResourceLoader
2019-07-11 13:52:54,259 - ResourceCache: initialized (class org.apache.velocity.runtime.resource.ResourceCacheImpl) with class java.util.Collections$SynchronizedMap cache map.
2019-07-11 13:52:54,264 - Loaded System Directive: org.apache.velocity.runtime.directive.Stop
2019-07-11 13:52:54,268 - Loaded System Directive: org.apache.velocity.runtime.directive.Define
2019-07-11 13:52:54,270 - Loaded System Directive: org.apache.velocity.runtime.directive.Break
2019-07-11 13:52:54,273 - Loaded System Directive: org.apache.velocity.runtime.directive.Evaluate
2019-07-11 13:52:54,275 - Loaded System Directive: org.apache.velocity.runtime.directive.Literal
2019-07-11 13:52:54,279 - Loaded System Directive: org.apache.velocity.runtime.directive.Macro
2019-07-11 13:52:54,284 - Loaded System Directive: org.apache.velocity.runtime.directive.Parse
2019-07-11 13:52:54,288 - Loaded System Directive: org.apache.velocity.runtime.directive.Include
2019-07-11 13:52:54,291 - Loaded System Directive: org.apache.velocity.runtime.directive.Foreach
2019-07-11 13:52:54,380 - Created '20' parsers.
2019-07-11 13:52:54,403 - Velocimacro : "velocimacro.library" is not set.  Trying default library: VM_global_library.vm
2019-07-11 13:52:54,405 - Could not load resource 'VM_global_library.vm' from ResourceLoader org.apache.velocity.runtime.resource.loader.ClasspathResourceLoader: ClasspathResourceLoader Error: cannot find resource VM_global_library.vm
2019-07-11 13:52:54,405 - Velocimacro : Default library not found.
2019-07-11 13:52:54,406 - Velocimacro : allowInline = true : VMs can be defined inline in templates
2019-07-11 13:52:54,406 - Velocimacro : allowInlineToOverride = false : VMs defined inline may NOT replace previous VM definitions
2019-07-11 13:52:54,406 - Velocimacro : allowInlineLocal = false : VMs defined inline will be global in scope if allowed.
2019-07-11 13:52:54,406 - Velocimacro : autoload off : VM system will not automatically reload global library macros
2019-07-11 13:52:54,537 - ResourceManager : found /templates/entity.java.vm with loader org.apache.velocity.runtime.resource.loader.ClasspathResourceLoader
2019-07-11 13:52:54,619 - Left side (${versionFieldName}) of '==' operation has null value. If it is a reference, it may not be in the context or its toString() returned null. /templates/entity.java.vm[line 84, column 26]
2019-07-11 13:52:54,619 - Left side (${logicDeleteFieldName}) of '==' operation has null value. If it is a reference, it may not be in the context or its toString() returned null. /templates/entity.java.vm[line 88, column 30]
2019-07-11 13:52:54,620 - Left side (${versionFieldName}) of '==' operation has null value. If it is a reference, it may not be in the context or its toString() returned null. /templates/entity.java.vm[line 84, column 26]
2019-07-11 13:52:54,620 - Left side (${logicDeleteFieldName}) of '==' operation has null value. If it is a reference, it may not be in the context or its toString() returned null. /templates/entity.java.vm[line 88, column 30]
2019-07-11 13:52:54,621 - Left side (${versionFieldName}) of '==' operation has null value. If it is a reference, it may not be in the context or its toString() returned null. /templates/entity.java.vm[line 84, column 26]
2019-07-11 13:52:54,621 - Left side (${logicDeleteFieldName}) of '==' operation has null value. If it is a reference, it may not be in the context or its toString() returned null. /templates/entity.java.vm[line 88, column 30]
2019-07-11 13:52:54,689 - ResourceManager : found /templates/mapper.java.vm with loader org.apache.velocity.runtime.resource.loader.ClasspathResourceLoader
2019-07-11 13:52:54,712 - ResourceManager : found /templates/mapper.xml.vm with loader org.apache.velocity.runtime.resource.loader.ClasspathResourceLoader
2019-07-11 13:52:54,732 - ResourceManager : found /templates/service.java.vm with loader org.apache.velocity.runtime.resource.loader.ClasspathResourceLoader
2019-07-11 13:52:54,756 - ResourceManager : found /templates/serviceImpl.java.vm with loader org.apache.velocity.runtime.resource.loader.ClasspathResourceLoader
2019-07-11 13:52:54,787 - ResourceManager : found /templates/controller.java.vm with loader org.apache.velocity.runtime.resource.loader.ClasspathResourceLoader
2019-07-11 13:52:54,814 - ResourceManager : found /templates/entity.java.vm with loader org.apache.velocity.runtime.resource.loader.ClasspathResourceLoader
2019-07-11 13:52:54,815 - Left side (${versionFieldName}) of '==' operation has null value. If it is a reference, it may not be in the context or its toString() returned null. /templates/entity.java.vm[line 84, column 26]
2019-07-11 13:52:54,815 - Left side (${logicDeleteFieldName}) of '==' operation has null value. If it is a reference, it may not be in the context or its toString() returned null. /templates/entity.java.vm[line 88, column 30]
2019-07-11 13:52:54,819 - Left side (${versionFieldName}) of '==' operation has null value. If it is a reference, it may not be in the context or its toString() returned null. /templates/entity.java.vm[line 84, column 26]
2019-07-11 13:52:54,820 - Left side (${logicDeleteFieldName}) of '==' operation has null value. If it is a reference, it may not be in the context or its toString() returned null. /templates/entity.java.vm[line 88, column 30]
2019-07-11 13:52:54,850 - ResourceManager : found /templates/mapper.java.vm with loader org.apache.velocity.runtime.resource.loader.ClasspathResourceLoader
2019-07-11 13:52:54,873 - ResourceManager : found /templates/mapper.xml.vm with loader org.apache.velocity.runtime.resource.loader.ClasspathResourceLoader
2019-07-11 13:52:54,920 - ResourceManager : found /templates/service.java.vm with loader org.apache.velocity.runtime.resource.loader.ClasspathResourceLoader
2019-07-11 13:52:54,980 - ResourceManager : found /templates/serviceImpl.java.vm with loader org.apache.velocity.runtime.resource.loader.ClasspathResourceLoader
2019-07-11 13:52:55,006 - ResourceManager : found /templates/controller.java.vm with loader org.apache.velocity.runtime.resource.loader.ClasspathResourceLoader
